15:13:30.882 [main] DEBUG fileLogger - Get User from Database
15:19:53.848 [main] DEBUG fileLogger - Get User from Database
15:20:22.735 [main] DEBUG fileLogger - Get User from Database
16:48:44.030 [main] DEBUG fileLogger - Get User from Database
16:54:23.145 [main] DEBUG fileLogger - Get User from Database
17:08:08.169 [main] DEBUG fileLogger - Get User from Database
17:08:54.552 [main] DEBUG fileLogger - Get User from Database
17:10:01.222 [main] DEBUG fileLogger - Get User from Database
17:14:14.442 [main] DEBUG fileLogger - Get User from Database
17:14:18.289 [main] DEBUG fileLogger - Get User from Database
17:14:36.480 [main] DEBUG fileLogger - Get User from Database
17:18:28.493 [main] DEBUG fileLogger - Get User from Database
17:44:00.450 [main] DEBUG fileLogger - Get User from Database
18:49:59.722 [main] DEBUG fileLogger - Get User from Database
18:55:54.072 [main] DEBUG fileLogger - Get User from Database
18:55:56.808 [main] DEBUG fileLogger - Get User from Database
19:00:37.079 [main] DEBUG fileLogger - Get User from Database
19:14:19.326 [main] DEBUG fileLogger - Get User from Database
19:29:04.844 [main] DEBUG fileLogger - Get User from Database
19:30:12.868 [main] DEBUG fileLogger - Get User from Database
19:31:47.932 [main] DEBUG fileLogger - Get User from Database
19:43:52.220 [main] DEBUG fileLogger - Get User from Database
19:43:59.922 [main] ERROR fileLogger - org.postgresql.util.PSQLException: ERROR: syntax error at end of input
  Position: 99
19:57:10.876 [main] DEBUG fileLogger - Get User from Database
19:59:07.163 [main] DEBUG fileLogger - Get User from Database
20:00:22.065 [main] DEBUG fileLogger - Get User from Database
20:01:26.300 [main] DEBUG fileLogger - Get User from Database
20:02:06.536 [main] DEBUG fileLogger - Get User from Database
21:02:19.698 [main] DEBUG fileLogger - Get User from Database
21:02:25.099 [main] ERROR fileLogger - org.postgresql.util.PSQLException: ERROR: syntax error at end of input
  Position: 99
21:12:57.750 [main] DEBUG fileLogger - Get User from Database
21:29:16.621 [main] DEBUG fileLogger - Get User from Database
22:08:13.714 [main] DEBUG fileLogger - Get User from Database
22:14:42.409 [main] DEBUG fileLogger - Get User from Database
22:21:04.008 [main] DEBUG fileLogger - Get User from Database
22:21:08.870 [main] ERROR fileLogger - org.postgresql.util.PSQLException: ERROR: syntax error at end of input
  Position: 99
22:27:36.376 [main] ERROR fileLogger - org.postgresql.util.PSQLException: ERROR: syntax error at end of input
  Position: 99
22:27:50.687 [main] ERROR fileLogger - org.postgresql.util.PSQLException: ERROR: syntax error at end of input
  Position: 99
22:33:42.118 [main] ERROR fileLogger - org.postgresql.util.PSQLException: ERROR: syntax error at end of input
  Position: 99
22:36:05.835 [main] ERROR fileLogger - org.postgresql.util.PSQLException: ERROR: syntax error at end of input
  Position: 99
22:36:37.151 [main] ERROR fileLogger - org.postgresql.util.PSQLException: ERROR: syntax error at end of input
  Position: 99
22:36:52.440 [main] ERROR fileLogger - org.postgresql.util.PSQLException: ERROR: syntax error at end of input
  Position: 99
22:44:41.584 [main] DEBUG fileLogger - Get User from Database
22:47:13.476 [main] DEBUG fileLogger - Get User from Database
22:48:23.923 [main] DEBUG fileLogger - Get User from Database
07:00:27.111 [main] DEBUG fileLogger - Get User from Database
07:01:24.762 [main] DEBUG fileLogger - Get User from Database
07:30:06.275 [main] DEBUG fileLogger - Get User from Database
07:30:11.378 [main] ERROR fileLogger - org.postgresql.util.PSQLException: ERROR: syntax error at end of input
  Position: 99
07:33:30.571 [main] DEBUG fileLogger - Get User from Database
07:33:35.807 [main] ERROR fileLogger - org.postgresql.util.PSQLException: ERROR: syntax error at end of input
  Position: 99
07:34:09.870 [main] DEBUG fileLogger - Get User from Database
07:34:12.942 [main] ERROR fileLogger - org.postgresql.util.PSQLException: ERROR: syntax error at or near ","
  Position: 107
07:36:03.359 [main] DEBUG fileLogger - Get User from Database
07:36:12.324 [main] ERROR fileLogger - org.postgresql.util.PSQLException: ERROR: syntax error at end of input
  Position: 99
07:36:59.191 [main] DEBUG fileLogger - Get User from Database
07:37:02.452 [main] ERROR fileLogger - org.postgresql.util.PSQLException: ERROR: syntax error at or near ","
  Position: 107
07:38:05.525 [main] DEBUG fileLogger - Get User from Database
07:38:14.699 [main] ERROR fileLogger - org.postgresql.util.PSQLException: ERROR: syntax error at or near ","
  Position: 107
07:38:44.734 [main] DEBUG fileLogger - Get User from Database
07:38:48.468 [main] ERROR fileLogger - org.postgresql.util.PSQLException: ERROR: syntax error at end of input
  Position: 46
07:40:10.332 [main] DEBUG fileLogger - Get User from Database
07:40:16.950 [main] ERROR fileLogger - org.postgresql.util.PSQLException: ERROR: syntax error at or near ","
  Position: 106
07:41:44.711 [main] DEBUG fileLogger - Get User from Database
07:41:47.887 [main] ERROR fileLogger - org.postgresql.util.PSQLException: ERROR: syntax error at or near "."
  Position: 120
07:42:12.603 [main] DEBUG fileLogger - Get User from Database
07:42:15.143 [main] ERROR fileLogger - org.postgresql.util.PSQLException: ERROR: invalid input syntax for type integer: "?"
  Position: 105
07:42:39.554 [main] DEBUG fileLogger - Get User from Database
07:42:44.748 [main] ERROR fileLogger - org.postgresql.util.PSQLException: ERROR: syntax error at or near ","
  Position: 106
07:44:06.830 [main] DEBUG fileLogger - Get User from Database
07:44:11.404 [main] DEBUG fileLogger - Get User from Database
07:50:14.965 [main] DEBUG fileLogger - Get User from Database
07:50:21.778 [main] ERROR fileLogger - org.postgresql.util.PSQLException: ERROR: syntax error at or near ","
  Position: 106
07:51:17.698 [main] DEBUG fileLogger - Get User from Database
07:51:51.084 [main] DEBUG fileLogger - Get User from Database
07:52:30.901 [main] DEBUG fileLogger - Get User from Database
07:53:22.106 [main] DEBUG fileLogger - Get User from Database
07:55:44.094 [main] DEBUG fileLogger - Get User from Database
07:56:42.246 [main] DEBUG fileLogger - Get User from Database
07:57:18.772 [main] DEBUG fileLogger - Get User from Database
07:57:47.278 [main] DEBUG fileLogger - Get User from Database
07:58:20.461 [main] DEBUG fileLogger - Get User from Database
07:59:09.989 [main] DEBUG fileLogger - Get User from Database
08:07:40.516 [main] DEBUG fileLogger - Get User from Database
08:07:45.084 [main] ERROR fileLogger - org.postgresql.util.PSQLException: ERROR: syntax error at or near ","
  Position: 106
08:09:56.816 [main] DEBUG fileLogger - Get User from Database
08:10:10.029 [main] DEBUG fileLogger - Get User from Database
08:10:13.354 [main] ERROR fileLogger - org.postgresql.util.PSQLException: ERROR: syntax error at or near ")"
  Position: 179
08:10:28.620 [main] DEBUG fileLogger - Get User from Database
08:10:34.819 [main] ERROR fileLogger - org.postgresql.util.PSQLException: ERROR: duplicate key value violates unique constraint "users_pkey"
  Detail: Key (user_id)=(4) already exists.
08:10:56.052 [main] DEBUG fileLogger - Get User from Database
08:10:59.795 [main] ERROR fileLogger - org.postgresql.util.PSQLException: No results were returned by the query.
08:14:49.652 [main] DEBUG fileLogger - Get User from Database
08:23:33.313 [main] DEBUG fileLogger - Get User from Database
08:23:37.416 [main] ERROR fileLogger - org.postgresql.util.PSQLException: ERROR: syntax error at or near ","
  Position: 106
08:25:28.202 [main] DEBUG fileLogger - Get User from Database
08:25:31.499 [main] ERROR fileLogger - org.postgresql.util.PSQLException: ERROR: syntax error at or near ","
  Position: 106
08:28:06.192 [main] DEBUG fileLogger - Get User from Database
08:28:10.641 [main] ERROR fileLogger - org.postgresql.util.PSQLException: ERROR: syntax error at or near ","
  Position: 106
08:36:34.432 [main] DEBUG fileLogger - Get User from Database
08:40:36.625 [main] DEBUG fileLogger - Get User from Database
08:41:22.927 [main] DEBUG fileLogger - Get User from Database
08:42:13.914 [main] DEBUG fileLogger - Get User from Database
08:43:33.273 [main] DEBUG fileLogger - Get User from Database
08:45:29.136 [main] DEBUG fileLogger - Get User from Database
08:50:40.630 [main] DEBUG fileLogger - Get User from Database
08:55:50.089 [main] DEBUG fileLogger - Get User from Database
08:59:52.905 [main] DEBUG fileLogger - Get User from Database
09:48:20.489 [main] DEBUG fileLogger - Get User from Database
09:54:39.809 [main] DEBUG fileLogger - Get User from Database
10:01:07.136 [main] DEBUG fileLogger - Get User from Database
10:03:25.837 [main] DEBUG fileLogger - Get User from Database
10:08:39.758 [main] DEBUG fileLogger - Get User from Database
10:09:22.578 [main] DEBUG fileLogger - Get User from Database
10:14:56.745 [main] DEBUG fileLogger - Get User from Database
10:15:29.067 [main] DEBUG fileLogger - Get User from Database
10:15:46.497 [main] DEBUG fileLogger - Get User from Database
10:18:34.648 [main] DEBUG fileLogger - Get User from Database
10:19:00.998 [main] DEBUG fileLogger - Get User from Database
10:19:41.629 [main] DEBUG fileLogger - Get User from Database
10:32:13.301 [main] DEBUG fileLogger - Get User from Database
